<?xml version="1.0" encoding="UTF-8"?>
<testsuite xmlns:xsi="http://www.w3.org/2001/XMLSchema-instance" xsi:noNamespaceSchemaLocation="https://maven.apache.org/surefire/maven-surefire-plugin/xsd/surefire-test-report.xsd" name="com.lazerycode.jmeter.properties.ConfigurationFilesTest" time="0.003" tests="3" errors="0" skipped="0" failures="0">
  <properties>
    <property name="sun.desktop" value="gnome"/>
    <property name="awt.toolkit" value="sun.awt.X11.XToolkit"/>
    <property name="file.encoding.pkg" value="sun.io"/>
    <property name="java.specification.version" value="1.8"/>
    <property name="sun.cpu.isalist" value=""/>
    <property name="sun.jnu.encoding" value="UTF-8"/>
    <property name="java.class.path" value="/home/pk/Downloads/jmeter-maven-plugin-master/target/test-classes:/home/pk/Downloads/jmeter-maven-plugin-master/target/classes:/home/pk/.m2/repository/org/apache/ant/ant/1.10.5/ant-1.10.5.jar:/home/pk/.m2/repository/org/apache/ant/ant-launcher/1.10.5/ant-launcher-1.10.5.jar:/home/pk/.m2/repository/org/apache/maven/maven-plugin-api/3.5.0/maven-plugin-api-3.5.0.jar:/home/pk/.m2/repository/org/apache/maven/maven-model/3.5.0/maven-model-3.5.0.jar:/home/pk/.m2/repository/org/apache/maven/maven-artifact/3.5.0/maven-artifact-3.5.0.jar:/home/pk/.m2/repository/org/eclipse/sisu/org.eclipse.sisu.plexus/0.3.3/org.eclipse.sisu.plexus-0.3.3.jar:/home/pk/.m2/repository/javax/enterprise/cdi-api/1.0/cdi-api-1.0.jar:/home/pk/.m2/repository/javax/annotation/jsr250-api/1.0/jsr250-api-1.0.jar:/home/pk/.m2/repository/org/eclipse/sisu/org.eclipse.sisu.inject/0.3.3/org.eclipse.sisu.inject-0.3.3.jar:/home/pk/.m2/repository/org/apache/maven/maven-core/3.5.0/maven-core-3.5.0.jar:/home/pk/.m2/repository/org/apache/maven/maven-settings/3.5.0/maven-settings-3.5.0.jar:/home/pk/.m2/repository/org/apache/maven/maven-settings-builder/3.5.0/maven-settings-builder-3.5.0.jar:/home/pk/.m2/repository/org/apache/maven/maven-builder-support/3.5.0/maven-builder-support-3.5.0.jar:/home/pk/.m2/repository/org/apache/maven/maven-repository-metadata/3.5.0/maven-repository-metadata-3.5.0.jar:/home/pk/.m2/repository/org/apache/maven/maven-model-builder/3.5.0/maven-model-builder-3.5.0.jar:/home/pk/.m2/repository/com/google/guava/guava/20.0/guava-20.0.jar:/home/pk/.m2/repository/org/apache/maven/maven-resolver-provider/3.5.0/maven-resolver-provider-3.5.0.jar:/home/pk/.m2/repository/org/apache/maven/resolver/maven-resolver-impl/1.0.3/maven-resolver-impl-1.0.3.jar:/home/pk/.m2/repository/org/apache/maven/resolver/maven-resolver-api/1.0.3/maven-resolver-api-1.0.3.jar:/home/pk/.m2/repository/org/apache/maven/resolver/maven-resolver-spi/1.0.3/maven-resolver-spi-1.0.3.jar:/home/pk/.m2/repository/org/apache/maven/resolver/maven-resolver-util/1.0.3/maven-resolver-util-1.0.3.jar:/home/pk/.m2/repository/org/apache/maven/shared/maven-shared-utils/3.1.0/maven-shared-utils-3.1.0.jar:/home/pk/.m2/repository/com/google/inject/guice/4.0/guice-4.0-no_aop.jar:/home/pk/.m2/repository/javax/inject/javax.inject/1/javax.inject-1.jar:/home/pk/.m2/repository/aopalliance/aopalliance/1.0/aopalliance-1.0.jar:/home/pk/.m2/repository/org/codehaus/plexus/plexus-interpolation/1.24/plexus-interpolation-1.24.jar:/home/pk/.m2/repository/org/codehaus/plexus/plexus-utils/3.0.24/plexus-utils-3.0.24.jar:/home/pk/.m2/repository/org/codehaus/plexus/plexus-classworlds/2.5.2/plexus-classworlds-2.5.2.jar:/home/pk/.m2/repository/org/codehaus/plexus/plexus-component-annotations/1.7.1/plexus-component-annotations-1.7.1.jar:/home/pk/.m2/repository/org/sonatype/plexus/plexus-sec-dispatcher/1.4/plexus-sec-dispatcher-1.4.jar:/home/pk/.m2/repository/org/sonatype/plexus/plexus-cipher/1.4/plexus-cipher-1.4.jar:/home/pk/.m2/repository/org/apache/commons/commons-lang3/3.5/commons-lang3-3.5.jar:/home/pk/.m2/repository/org/apache/maven/plugin-tools/maven-plugin-annotations/3.5/maven-plugin-annotations-3.5.jar:/home/pk/.m2/repository/joda-time/joda-time/2.9.9/joda-time-2.9.9.jar:/home/pk/.m2/repository/commons-io/commons-io/2.6/commons-io-2.6.jar:/home/pk/.m2/repository/junit/junit/4.12/junit-4.12.jar:/home/pk/.m2/repository/org/hamcrest/hamcrest-core/1.3/hamcrest-core-1.3.jar:/home/pk/.m2/repository/org/hamcrest/java-hamcrest/2.0.0.0/java-hamcrest-2.0.0.0.jar:/home/pk/.m2/repository/org/mockito/mockito-core/2.22.0/mockito-core-2.22.0.jar:/home/pk/.m2/repository/net/bytebuddy/byte-buddy-agent/1.8.21/byte-buddy-agent-1.8.21.jar:/home/pk/.m2/repository/org/objenesis/objenesis/2.6/objenesis-2.6.jar:/home/pk/.m2/repository/net/bytebuddy/byte-buddy/1.9.0/byte-buddy-1.9.0.jar:/home/pk/.m2/repository/org/eclipse/aether/aether-api/1.1.0/aether-api-1.1.0.jar:/home/pk/.m2/repository/org/eclipse/aether/aether-util/1.1.0/aether-util-1.1.0.jar:/home/pk/.m2/repository/com/jayway/jsonpath/json-path/2.4.0/json-path-2.4.0.jar:/home/pk/.m2/repository/net/minidev/json-smart/2.3/json-smart-2.3.jar:/home/pk/.m2/repository/net/minidev/accessors-smart/1.2/accessors-smart-1.2.jar:/home/pk/.m2/repository/org/ow2/asm/asm/5.0.4/asm-5.0.4.jar:/home/pk/.m2/repository/org/slf4j/slf4j-api/1.7.25/slf4j-api-1.7.25.jar:/home/pk/.m2/repository/ch/qos/logback/logback-core/1.2.3/logback-core-1.2.3.jar:/home/pk/.m2/repository/ch/qos/logback/logback-classic/1.2.3/logback-classic-1.2.3.jar:/home/pk/.m2/repository/com/squareup/okhttp3/okhttp/3.8.1/okhttp-3.8.1.jar:/home/pk/.m2/repository/com/squareup/okio/okio/1.13.0/okio-1.13.0.jar:"/>
    <property name="java.vm.vendor" value="Oracle Corporation"/>
    <property name="sun.arch.data.model" value="64"/>
    <property name="java.vendor.url" value="http://java.oracle.com/"/>
    <property name="user.timezone" value=""/>
    <property name="java.vm.specification.version" value="1.8"/>
    <property name="os.name" value="Linux"/>
    <property name="user.country" value="US"/>
    <property name="sun.java.launcher" value="SUN_STANDARD"/>
    <property name="sun.boot.library.path" value="/usr/lib/jvm/java-8-oracle/jre/lib/amd64"/>
    <property name="sun.java.command" value="/home/pk/Downloads/jmeter-maven-plugin-master/target/surefire/surefirebooter2240753236865819129.jar /home/pk/Downloads/jmeter-maven-plugin-master/target/surefire 2018-10-30T19-59-30_653-jvmRun1 surefire5077162512124165869tmp surefire_09069797104445343000tmp"/>
    <property name="surefire.test.class.path" value="/home/pk/Downloads/jmeter-maven-plugin-master/target/test-classes:/home/pk/Downloads/jmeter-maven-plugin-master/target/classes:/home/pk/.m2/repository/org/apache/ant/ant/1.10.5/ant-1.10.5.jar:/home/pk/.m2/repository/org/apache/ant/ant-launcher/1.10.5/ant-launcher-1.10.5.jar:/home/pk/.m2/repository/org/apache/maven/maven-plugin-api/3.5.0/maven-plugin-api-3.5.0.jar:/home/pk/.m2/repository/org/apache/maven/maven-model/3.5.0/maven-model-3.5.0.jar:/home/pk/.m2/repository/org/apache/maven/maven-artifact/3.5.0/maven-artifact-3.5.0.jar:/home/pk/.m2/repository/org/eclipse/sisu/org.eclipse.sisu.plexus/0.3.3/org.eclipse.sisu.plexus-0.3.3.jar:/home/pk/.m2/repository/javax/enterprise/cdi-api/1.0/cdi-api-1.0.jar:/home/pk/.m2/repository/javax/annotation/jsr250-api/1.0/jsr250-api-1.0.jar:/home/pk/.m2/repository/org/eclipse/sisu/org.eclipse.sisu.inject/0.3.3/org.eclipse.sisu.inject-0.3.3.jar:/home/pk/.m2/repository/org/apache/maven/maven-core/3.5.0/maven-core-3.5.0.jar:/home/pk/.m2/repository/org/apache/maven/maven-settings/3.5.0/maven-settings-3.5.0.jar:/home/pk/.m2/repository/org/apache/maven/maven-settings-builder/3.5.0/maven-settings-builder-3.5.0.jar:/home/pk/.m2/repository/org/apache/maven/maven-builder-support/3.5.0/maven-builder-support-3.5.0.jar:/home/pk/.m2/repository/org/apache/maven/maven-repository-metadata/3.5.0/maven-repository-metadata-3.5.0.jar:/home/pk/.m2/repository/org/apache/maven/maven-model-builder/3.5.0/maven-model-builder-3.5.0.jar:/home/pk/.m2/repository/com/google/guava/guava/20.0/guava-20.0.jar:/home/pk/.m2/repository/org/apache/maven/maven-resolver-provider/3.5.0/maven-resolver-provider-3.5.0.jar:/home/pk/.m2/repository/org/apache/maven/resolver/maven-resolver-impl/1.0.3/maven-resolver-impl-1.0.3.jar:/home/pk/.m2/repository/org/apache/maven/resolver/maven-resolver-api/1.0.3/maven-resolver-api-1.0.3.jar:/home/pk/.m2/repository/org/apache/maven/resolver/maven-resolver-spi/1.0.3/maven-resolver-spi-1.0.3.jar:/home/pk/.m2/repository/org/apache/maven/resolver/maven-resolver-util/1.0.3/maven-resolver-util-1.0.3.jar:/home/pk/.m2/repository/org/apache/maven/shared/maven-shared-utils/3.1.0/maven-shared-utils-3.1.0.jar:/home/pk/.m2/repository/com/google/inject/guice/4.0/guice-4.0-no_aop.jar:/home/pk/.m2/repository/javax/inject/javax.inject/1/javax.inject-1.jar:/home/pk/.m2/repository/aopalliance/aopalliance/1.0/aopalliance-1.0.jar:/home/pk/.m2/repository/org/codehaus/plexus/plexus-interpolation/1.24/plexus-interpolation-1.24.jar:/home/pk/.m2/repository/org/codehaus/plexus/plexus-utils/3.0.24/plexus-utils-3.0.24.jar:/home/pk/.m2/repository/org/codehaus/plexus/plexus-classworlds/2.5.2/plexus-classworlds-2.5.2.jar:/home/pk/.m2/repository/org/codehaus/plexus/plexus-component-annotations/1.7.1/plexus-component-annotations-1.7.1.jar:/home/pk/.m2/repository/org/sonatype/plexus/plexus-sec-dispatcher/1.4/plexus-sec-dispatcher-1.4.jar:/home/pk/.m2/repository/org/sonatype/plexus/plexus-cipher/1.4/plexus-cipher-1.4.jar:/home/pk/.m2/repository/org/apache/commons/commons-lang3/3.5/commons-lang3-3.5.jar:/home/pk/.m2/repository/org/apache/maven/plugin-tools/maven-plugin-annotations/3.5/maven-plugin-annotations-3.5.jar:/home/pk/.m2/repository/joda-time/joda-time/2.9.9/joda-time-2.9.9.jar:/home/pk/.m2/repository/commons-io/commons-io/2.6/commons-io-2.6.jar:/home/pk/.m2/repository/junit/junit/4.12/junit-4.12.jar:/home/pk/.m2/repository/org/hamcrest/hamcrest-core/1.3/hamcrest-core-1.3.jar:/home/pk/.m2/repository/org/hamcrest/java-hamcrest/2.0.0.0/java-hamcrest-2.0.0.0.jar:/home/pk/.m2/repository/org/mockito/mockito-core/2.22.0/mockito-core-2.22.0.jar:/home/pk/.m2/repository/net/bytebuddy/byte-buddy-agent/1.8.21/byte-buddy-agent-1.8.21.jar:/home/pk/.m2/repository/org/objenesis/objenesis/2.6/objenesis-2.6.jar:/home/pk/.m2/repository/net/bytebuddy/byte-buddy/1.9.0/byte-buddy-1.9.0.jar:/home/pk/.m2/repository/org/eclipse/aether/aether-api/1.1.0/aether-api-1.1.0.jar:/home/pk/.m2/repository/org/eclipse/aether/aether-util/1.1.0/aether-util-1.1.0.jar:/home/pk/.m2/repository/com/jayway/jsonpath/json-path/2.4.0/json-path-2.4.0.jar:/home/pk/.m2/repository/net/minidev/json-smart/2.3/json-smart-2.3.jar:/home/pk/.m2/repository/net/minidev/accessors-smart/1.2/accessors-smart-1.2.jar:/home/pk/.m2/repository/org/ow2/asm/asm/5.0.4/asm-5.0.4.jar:/home/pk/.m2/repository/org/slf4j/slf4j-api/1.7.25/slf4j-api-1.7.25.jar:/home/pk/.m2/repository/ch/qos/logback/logback-core/1.2.3/logback-core-1.2.3.jar:/home/pk/.m2/repository/ch/qos/logback/logback-classic/1.2.3/logback-classic-1.2.3.jar:/home/pk/.m2/repository/com/squareup/okhttp3/okhttp/3.8.1/okhttp-3.8.1.jar:/home/pk/.m2/repository/com/squareup/okio/okio/1.13.0/okio-1.13.0.jar:"/>
    <property name="sun.cpu.endian" value="little"/>
    <property name="user.home" value="/home/pk"/>
    <property name="user.language" value="en"/>
    <property name="java.specification.vendor" value="Oracle Corporation"/>
    <property name="java.home" value="/usr/lib/jvm/java-8-oracle/jre"/>
    <property name="basedir" value="/home/pk/Downloads/jmeter-maven-plugin-master"/>
    <property name="file.separator" value="/"/>
    <property name="line.separator" value="&#10;"/>
    <property name="java.vm.specification.vendor" value="Oracle Corporation"/>
    <property name="java.specification.name" value="Java Platform API Specification"/>
    <property name="java.awt.graphicsenv" value="sun.awt.X11GraphicsEnvironment"/>
    <property name="surefire.real.class.path" value="/home/pk/Downloads/jmeter-maven-plugin-master/target/surefire/surefirebooter2240753236865819129.jar:/home/pk/.m2/repository/org/jacoco/org.jacoco.agent/0.8.2/org.jacoco.agent-0.8.2-runtime.jar"/>
    <property name="sun.boot.class.path" value="/usr/lib/jvm/java-8-oracle/jre/lib/resources.jar:/usr/lib/jvm/java-8-oracle/jre/lib/rt.jar:/usr/lib/jvm/java-8-oracle/jre/lib/sunrsasign.jar:/usr/lib/jvm/java-8-oracle/jre/lib/jsse.jar:/usr/lib/jvm/java-8-oracle/jre/lib/jce.jar:/usr/lib/jvm/java-8-oracle/jre/lib/charsets.jar:/usr/lib/jvm/java-8-oracle/jre/lib/jfr.jar:/usr/lib/jvm/java-8-oracle/jre/classes"/>
    <property name="sun.management.compiler" value="HotSpot 64-Bit Tiered Compilers"/>
    <property name="java.runtime.version" value="1.8.0_191-b12"/>
    <property name="user.name" value="pk"/>
    <property name="path.separator" value=":"/>
    <property name="os.version" value="4.15.0-38-generic"/>
    <property name="java.endorsed.dirs" value="/usr/lib/jvm/java-8-oracle/jre/lib/endorsed"/>
    <property name="java.runtime.name" value="Java(TM) SE Runtime Environment"/>
    <property name="file.encoding" value="UTF-8"/>
    <property name="java.vm.name" value="Java HotSpot(TM) 64-Bit Server VM"/>
    <property name="localRepository" value="/home/pk/.m2/repository"/>
    <property name="java.vendor.url.bug" value="http://bugreport.sun.com/bugreport/"/>
    <property name="java.io.tmpdir" value="/tmp"/>
    <property name="java.version" value="1.8.0_191"/>
    <property name="user.dir" value="/home/pk/Downloads/jmeter-maven-plugin-master"/>
    <property name="os.arch" value="amd64"/>
    <property name="java.vm.specification.name" value="Java Virtual Machine Specification"/>
    <property name="java.awt.printerjob" value="sun.print.PSPrinterJob"/>
    <property name="sun.os.patch.level" value="unknown"/>
    <property name="java.library.path" value="/usr/java/packages/lib/amd64:/usr/lib64:/lib64:/lib:/usr/lib"/>
    <property name="java.vm.info" value="mixed mode"/>
    <property name="java.vendor" value="Oracle Corporation"/>
    <property name="java.vm.version" value="25.191-b12"/>
    <property name="java.ext.dirs" value="/usr/lib/jvm/java-8-oracle/jre/lib/ext:/usr/java/packages/lib/ext"/>
    <property name="sun.io.unicode.encoding" value="UnicodeLittle"/>
    <property name="java.class.version" value="52.0"/>
  </properties>
  <testcase name="createFileIfItDoesNotExistReturnsFalse" classname="com.lazerycode.jmeter.properties.ConfigurationFilesTest" time="0.002"/>
  <testcase name="createFileIfItDoesNotExistReturnsTrue" classname="com.lazerycode.jmeter.properties.ConfigurationFilesTest" time="0"/>
  <testcase name="getPropertiesFileNameReturnsExpectedFilename" classname="com.lazerycode.jmeter.properties.ConfigurationFilesTest" time="0"/>
</testsuite>